build/app/outputs/mapping/release/mapping.txt
# compiler: R8
# compiler_version: 3.1.66
# min_api: 25
# pg_map_id: 2a43a4a
# common_typos_disable
# {"id":"com.android.tools.r8.mapping","version":"1.0"}
...
okhttp3.internal.http1.Http1ExchangeCodec$FixedLengthSource -> y7.a$e:
    okhttp3.internal.http1.Http1ExchangeCodec this$0 -> e
    long bytesRemaining -> d
    long read(okio.Buffer,long) -> t
okhttp3.internal.http1.Http1ExchangeCodec$KnownLengthSink -> y7.a$f:
    okhttp3.internal.http1.Http1ExchangeCodec this$0 -> c
    okio.ForwardingTimeout timeout -> a
    boolean closed -> b
    void write(okio.Buffer,long) -> E1
    okio.Timeout timeout() -> g
okhttp3.internal.http1.Http1ExchangeCodec$UnknownLengthSource -> y7.a$g:
    okhttp3.internal.http1.Http1ExchangeCodec this$0 -> e
    boolean inputExhausted -> d
    long read(okio.Buffer,long) -> t
okhttp3.internal.http2.ConnectionShutdownException -> z7.a:
okhttp3.internal.http2.ErrorCode -> z7.b:
    okhttp3.internal.http2.ErrorCode CANCEL -> o
    okhttp3.internal.http2.ErrorCode REFUSED_STREAM -> f
    okhttp3.internal.http2.ErrorCode INTERNAL_ERROR -> d
    okhttp3.internal.http2.ErrorCode FLOW_CONTROL_ERROR -> e
    okhttp3.internal.http2.ErrorCode NO_ERROR -> b
    okhttp3.internal.http2.ErrorCode PROTOCOL_ERROR -> c
    int httpCode -> a
    okhttp3.internal.http2.ErrorCode[] $VALUES -> u
    okhttp3.internal.http2.ErrorCode HTTP_1_1_REQUIRED -> t
    okhttp3.internal.http2.ErrorCode ENHANCE_YOUR_CALM -> r
    okhttp3.internal.http2.ErrorCode INADEQUATE_SECURITY -> s
    okhttp3.internal.http2.ErrorCode COMPRESSION_ERROR -> p
    okhttp3.internal.http2.ErrorCode CONNECT_ERROR -> q
    okhttp3.internal.http2.ErrorCode fromHttp2(int) -> a
okhttp3.internal.http2.Header -> z7.c:
    okio.ByteString value -> b
    okio.ByteString RESPONSE_STATUS -> e
    okio.ByteString PSEUDO_PREFIX -> d
    okio.ByteString name -> a
    okio.ByteString TARGET_PATH -> g
    int hpackSize -> c
    okio.ByteString TARGET_METHOD -> f
    okio.ByteString TARGET_AUTHORITY -> i
    okio.ByteString TARGET_SCHEME -> h
okhttp3.internal.http2.Hpack -> z7.d:
    java.util.Map NAME_TO_FIRST_INDEX -> b
    okhttp3.internal.http2.Header[] STATIC_HEADER_TABLE -> a
    okio.ByteString checkLowercase(okio.ByteString) -> a
    java.util.Map nameToFirstIndex() -> b
okhttp3.internal.http2.Hpack$Reader -> z7.d$a:
    java.util.List headerList -> a
    okhttp3.internal.http2.Header[] dynamicTable -> e
    okio.BufferedSource source -> b
    int dynamicTableByteCount -> h
    int nextHeaderIndex -> f
    int headerCount -> g
    int maxDynamicTableByteCount -> d
    int headerTableSizeSetting -> c
    void adjustDynamicTableByteCount() -> a
    void clearDynamicTable() -> b
    int dynamicTableIndex(int) -> c
    int evictToRecoverBytes(int) -> d
    java.util.List getAndResetHeaderList() -> e
    okio.ByteString getName(int) -> f
    void insertIntoDynamicTable(int,okhttp3.internal.http2.Header) -> g
    boolean isStaticHeader(int) -> h
    int readByte() -> i
    okio.ByteString readByteString() -> j
    void readHeaders() -> k
    void readIndexedHeader(int) -> l
    int readInt(int,int) -> m
    void readLiteralHeaderWithIncrementalIndexingIndexedName(int) -> n
    void readLiteralHeaderWithIncrementalIndexingNewName() -> o
    void readLiteralHeaderWithoutIndexingIndexedName(int) -> p
    void readLiteralHeaderWithoutIndexingNewName() -> q
okhttp3.internal.http2.Hpack$Writer -> z7.d$b:
    int dynamicTableByteCount -> j
    okio.Buffer out -> a
    int nextHeaderIndex -> h
    int headerCount -> i
    int maxDynamicTableByteCount -> f
    int headerTableSizeSetting -> e
    okhttp3.internal.http2.Header[] dynamicTable -> g
    boolean useCompression -> b
    int smallestHeaderTableSizeSetting -> c
    boolean emitDynamicTableSizeUpdate -> d
    void adjustDynamicTableByteCount() -> a
    void clearDynamicTable() -> b
    int evictToRecoverBytes(int) -> c
    void insertIntoDynamicTable(okhttp3.internal.http2.Header) -> d
    void setHeaderTableSizeSetting(int) -> e
    void writeByteString(okio.ByteString) -> f
    void writeHeaders(java.util.List) -> g
    void writeInt(int,int,int) -> h