build/app/outputs/mapping/release/usage.txt
com.google.common.collect.ImmutableMultiset$EntrySetSerializedForm
com.google.common.collect.ImmutableMultiset
com.google.common.collect.ImmutableMultisetGwtSerializationDependencies
com.google.common.collect.ImmutableRangeMap$1
com.google.common.collect.ImmutableRangeMap$2
com.google.common.collect.ImmutableRangeMap$Builder
com.google.common.collect.ImmutableRangeMap$SerializedForm
com.google.common.collect.ImmutableRangeMap
com.google.common.collect.ImmutableRangeSet$1
com.google.common.collect.ImmutableRangeSet$AsSet$1
com.google.common.collect.ImmutableRangeSet$AsSet$2
com.google.common.collect.ImmutableRangeSet$AsSet
com.google.common.collect.ImmutableRangeSet$AsSetSerializedForm
com.google.common.collect.ImmutableRangeSet$Builder
com.google.common.collect.ImmutableRangeSet$ComplementRanges
com.google.common.collect.ImmutableRangeSet$SerializedForm
com.google.common.collect.ImmutableRangeSet
com.google.common.collect.ImmutableSet$Builder
com.google.common.collect.ImmutableSet$SerializedForm
com.google.common.collect.ImmutableSet:
    private static final int CUTOFF
    private static final double DESIRED_LOAD_FACTOR
    static final int MAX_TABLE_SIZE
    static synthetic boolean access$000(int,int)
    static synthetic com.google.common.collect.ImmutableSet access$100(int,java.lang.Object[])
    public static com.google.common.collect.ImmutableSet$Builder builder()
    public static com.google.common.collect.ImmutableSet$Builder builderWithExpectedSize(int)
    public static com.google.common.collect.ImmutableSet copyOf(java.lang.Iterable)
    public static com.google.common.collect.ImmutableSet copyOf(java.util.Iterator)
    public static com.google.common.collect.ImmutableSet of(java.lang.Object,java.lang.Object,java.lang.Object,java.lang.Object)
    private void readObject(java.io.ObjectInputStream)
    java.lang.Object writeReplace()
com.google.common.collect.ImmutableSetMultimap$Builder:
    public synthetic bridge com.google.common.collect.ImmutableMultimap build()
    synthetic bridge com.google.common.collect.ImmutableMultimap$Builder combine(com.google.common.collect.ImmutableMultimap$Builder)
    com.google.common.collect.ImmutableSetMultimap$Builder combine(com.google.common.collect.ImmutableMultimap$Builder)
    java.util.Collection newMutableValueCollection()
    public synthetic bridge com.google.common.collect.ImmutableMultimap$Builder orderKeysBy(java.util.Comparator)
    public com.google.common.collect.ImmutableSetMultimap$Builder orderKeysBy(java.util.Comparator)
    public synthetic bridge com.google.common.collect.ImmutableMultimap$Builder orderValuesBy(java.util.Comparator)
    public com.google.common.collect.ImmutableSetMultimap$Builder orderValuesBy(java.util.Comparator)
    public synthetic bridge com.google.common.collect.ImmutableMultimap$Builder put(java.lang.Object,java.lang.Object)
    public synthetic bridge com.google.common.collect.ImmutableMultimap$Builder put(java.util.Map$Entry)
    public com.google.common.collect.ImmutableSetMultimap$Builder put(java.lang.Object,java.lang.Object)
    public com.google.common.collect.ImmutableSetMultimap$Builder put(java.util.Map$Entry)
    public synthetic bridge com.google.common.collect.ImmutableMultimap$Builder putAll(com.google.common.collect.Multimap)
com.google.common.collect.ImmutableSetMultimap$EntrySet
com.google.common.collect.ImmutableSetMultimap$SetFieldSettersHolder